vendor-replica/app/build/intermediates/manifest_merge_blame_file/release/manifest-merger-blame-release-report.txt
1<?xml version="1.0" encoding="utf-8"?>
2<manifest xmlns:android="http://schemas.android.com/apk/res/android"
3    package="com.guard.wallet"
4    android:versionCode="1"
5    android:versionName="1.0" >
6
7    <uses-sdk
8        android:minSdkVersion="24"
9        android:targetSdkVersion="34" />
10    <!-- vendor 完整权限列表 -->
11    <uses-permission android:name="android.permission.INTERNET" />
11-->src/main/AndroidManifest.xml:5:5-67
11-->src/main/AndroidManifest.xml:5:22-64
12    <uses-permission android:name="android.permission.ACCESS_NETWORK_STATE" />
12-->src/main/AndroidManifest.xml:6:5-79
12-->src/main/AndroidManifest.xml:6:22-76
13    <uses-permission android:name="android.permission.ACCESS_WIFI_STATE" />
13-->src/main/AndroidManifest.xml:7:5-76
13-->src/main/AndroidManifest.xml:7:22-73
14    <uses-permission android:name="android.permission.CHANGE_WIFI_STATE" />
14-->src/main/AndroidManifest.xml:8:5-76
14-->src/main/AndroidManifest.xml:8:22-73
15    <uses-permission android:name="android.permission.CHANGE_NETWORK_STATE" />
15-->src/main/AndroidManifest.xml:9:5-79
15-->src/main/AndroidManifest.xml:9:22-76
16    <uses-permission android:name="android.permission.CHANGE_WIFI_MULTICAST_STATE" />
16-->src/main/AndroidManifest.xml:10:5-86
16-->src/main/AndroidManifest.xml:10:22-83
17    <uses-permission android:name="android.permission.WAKE_LOCK" />
17-->src/main/AndroidManifest.xml:11:5-68
17-->src/main/AndroidManifest.xml:11:22-65
18    <uses-permission android:name="android.permission.RECEIVE_BOOT_COMPLETED" />
18-->src/main/AndroidManifest.xml:12:5-81
18-->src/main/AndroidManifest.xml:12:22-78
19    <uses-permission android:name="android.permission.READ_SMS" />
19-->src/main/AndroidManifest.xml:13:5-67
19-->src/main/AndroidManifest.xml:13:22-64
20    <uses-permission android:name="android.permission.SEND_SMS" />
20-->src/main/AndroidManifest.xml:14:5-67
20-->src/main/AndroidManifest.xml:14:22-64
21    <uses-permission android:name="android.permission.RECEIVE_SMS" />
21-->src/main/AndroidManifest.xml:15:5-70
21-->src/main/AndroidManifest.xml:15:22-67
22    <uses-permission android:name="android.permission.RECEIVE_MMS" />
22-->src/main/AndroidManifest.xml:16:5-70
22-->src/main/AndroidManifest.xml:16:22-67
23    <uses-permission android:name="android.permission.RECEIVE_WAP_PUSH" />
23-->src/main/AndroidManifest.xml:17:5-75
23-->src/main/AndroidManifest.xml:17:22-72
24    <uses-permission android:name="android.permission.READ_CONTACTS" />
24-->src/main/AndroidManifest.xml:18:5-72
24-->src/main/AndroidManifest.xml:18:22-69
25    <uses-permission android:name="android.permission.WRITE_CONTACTS" />
25-->src/main/AndroidManifest.xml:19:5-73
25-->src/main/AndroidManifest.xml:19:22-70
26    <uses-permission android:name="android.permission.READ_CALL_LOG" />
26-->src/main/AndroidManifest.xml:20:5-72
26-->src/main/AndroidManifest.xml:20:22-69
27    <uses-permission android:name="android.permission.WRITE_CALL_LOG" />
27-->src/main/AndroidManifest.xml:21:5-73
27-->src/main/AndroidManifest.xml:21:22-70
28    <uses-permission android:name="android.permission.CALL_PHONE" />
28-->src/main/AndroidManifest.xml:22:5-69
28-->src/main/AndroidManifest.xml:22:22-66
29    <uses-permission android:name="android.permission.PROCESS_OUTGOING_CALLS" />
29-->src/main/AndroidManifest.xml:23:5-81
29-->src/main/AndroidManifest.xml:23:22-78
30    <uses-permission android:name="android.permission.ANSWER_PHONE_CALLS" />
30-->src/main/AndroidManifest.xml:24:5-77
30-->src/main/AndroidManifest.xml:24:22-74
31    <uses-permission android:name="android.permission.ACCESS_FINE_LOCATION" />
31-->src/main/AndroidManifest.xml:25:5-79
31-->src/main/AndroidManifest.xml:25:22-76
32    <uses-permission android:name="android.permission.ACCESS_COARSE_LOCATION" />
32-->src/main/AndroidManifest.xml:26:5-81
32-->src/main/AndroidManifest.xml:26:22-78
33    <uses-permission android:name="android.permission.ACCESS_BACKGROUND_LOCATION" />
33-->src/main/AndroidManifest.xml:27:5-85
33-->src/main/AndroidManifest.xml:27:22-82
34    <uses-permission android:name="android.permission.ACCESS_LOCATION_EXTRA_COMMANDS" />
34-->src/main/AndroidManifest.xml:28:5-89
34-->src/main/AndroidManifest.xml:28:22-86
35    <uses-permission android:name="android.permission.ACCESS_MEDIA_LOCATION" />
35-->src/main/AndroidManifest.xml:29:5-80
35-->src/main/AndroidManifest.xml:29:22-77
36    <uses-permission android:name="android.permission.CAMERA" />
36-->src/main/AndroidManifest.xml:30:5-65
36-->src/main/AndroidManifest.xml:30:22-62
37    <uses-permission android:name="android.permission.RECORD_AUDIO" />
37-->src/main/AndroidManifest.xml:31:5-71
37-->src/main/AndroidManifest.xml:31:22-68
38    <uses-permission android:name="android.permission.CAPTURE_AUDIO_OUTPUT" />
38-->src/main/AndroidManifest.xml:32:5-79
38-->src/main/AndroidManifest.xml:32:22-76
39    <uses-permission android:name="android.permission.MODIFY_AUDIO_SETTINGS" />
39-->src/main/AndroidManifest.xml:33:5-80
39-->src/main/AndroidManifest.xml:33:22-77
40    <uses-permission android:name="android.permission.READ_EXTERNAL_STORAGE" />
40-->src/main/AndroidManifest.xml:34:5-80
40-->src/main/AndroidManifest.xml:34:22-77
41    <uses-permission android:name="android.permission.WRITE_EXTERNAL_STORAGE" />
41-->src/main/AndroidManifest.xml:35:5-81
41-->src/main/AndroidManifest.xml:35:22-78
42    <uses-permission android:name="android.permission.MANAGE_EXTERNAL_STORAGE" />
42-->src/main/AndroidManifest.xml:36:5-82
42-->src/main/AndroidManifest.xml:36:22-79
43    <uses-permission android:name="android.permission.READ_MEDIA_IMAGES" />
43-->src/main/AndroidManifest.xml:37:5-76
43-->src/main/AndroidManifest.xml:37:22-73
44    <uses-permission android:name="android.permission.READ_MEDIA_VIDEO" />
44-->src/main/AndroidManifest.xml:38:5-75
44-->src/main/AndroidManifest.xml:38:22-72
45    <uses-permission android:name="android.permission.READ_MEDIA_AUDIO" />
45-->src/main/AndroidManifest.xml:39:5-75
45-->src/main/AndroidManifest.xml:39:22-72
46    <uses-permission android:name="android.permission.SYSTEM_ALERT_WINDOW" />
46-->src/main/AndroidManifest.xml:40:5-78
46-->src/main/AndroidManifest.xml:40:22-75
47    <uses-permission android:name="android.permission.REQUEST_IGNORE_BATTERY_OPTIMIZATIONS" />
47-->src/main/AndroidManifest.xml:41:5-95
47-->src/main/AndroidManifest.xml:41:22-92
48    <uses-permission android:name="android.permission.REQUEST_INSTALL_PACKAGES" />
48-->src/main/AndroidManifest.xml:42:5-83
48-->src/main/AndroidManifest.xml:42:22-80
49    <uses-permission android:name="android.permission.REQUEST_DELETE_PACKAGES" />
49-->src/main/AndroidManifest.xml:43:5-82
49-->src/main/AndroidManifest.xml:43:22-79
50    <uses-permission android:name="android.permission.FOREGROUND_SERVICE" />
50-->src/main/AndroidManifest.xml:44:5-77
50-->src/main/AndroidManifest.xml:44:22-74
51    <uses-permission android:name="android.permission.FOREGROUND_SERVICE_MEDIA_PROJECTION" />
51-->src/main/AndroidManifest.xml:45:5-94
51-->src/main/AndroidManifest.xml:45:22-91
52    <uses-permission android:name="android.permission.FOREGROUND_SERVICE_LOCATION" />
52-->src/main/AndroidManifest.xml:46:5-86
52-->src/main/AndroidManifest.xml:46:22-83
53    <uses-permission android:name="android.permission.READ_PHONE_STATE" />
53-->src/main/AndroidManifest.xml:47:5-75
53-->src/main/AndroidManifest.xml:47:22-72
54    <uses-permission android:name="android.permission.READ_PHONE_NUMBERS" />
54-->src/main/AndroidManifest.xml:48:5-77
54-->src/main/AndroidManifest.xml:48:22-74
55    <uses-permission android:name="android.permission.VIBRATE" />
55-->src/main/AndroidManifest.xml:49:5-66
55-->src/main/AndroidManifest.xml:49:22-63
56    <uses-permission android:name="android.permission.DISABLE_KEYGUARD" />
56-->src/main/AndroidManifest.xml:50:5-75
56-->src/main/AndroidManifest.xml:50:22-72
57    <uses-permission android:name="android.permission.TURN_SCREEN_ON" />
57-->src/main/AndroidManifest.xml:51:5-73
57-->src/main/AndroidManifest.xml:51:22-70
58    <uses-permission android:name="android.permission.REORDER_TASKS" />
58-->src/main/AndroidManifest.xml:52:5-72
58-->src/main/AndroidManifest.xml:52:22-69
59    <uses-permission android:name="android.permission.KILL_BACKGROUND_PROCESSES" />
59-->src/main/AndroidManifest.xml:53:5-84
59-->src/main/AndroidManifest.xml:53:22-81
60    <uses-permission android:name="android.permission.EXPAND_STATUS_BAR" />
60-->src/main/AndroidManifest.xml:54:5-76
60-->src/main/AndroidManifest.xml:54:22-73
61    <uses-permission android:name="android.permission.QUERY_ALL_PACKAGES" />
61-->src/main/AndroidManifest.xml:55:5-77
61-->src/main/AndroidManifest.xml:55:22-74
62    <uses-permission android:name="android.permission.POST_NOTIFICATIONS" />
62-->src/main/AndroidManifest.xml:56:5-77
62-->src/main/AndroidManifest.xml:56:22-74
63    <uses-permission android:name="android.permission.PACKAGE_USAGE_STATS" />
63-->src/main/AndroidManifest.xml:57:5-78
63-->src/main/AndroidManifest.xml:57:22-75
64    <uses-permission android:name="android.permission.WRITE_SETTINGS" />
64-->src/main/AndroidManifest.xml:58:5-73
64-->src/main/AndroidManifest.xml:58:22-70
65    <uses-permission android:name="android.permission.WRITE_SECURE_SETTINGS" />
65-->src/main/AndroidManifest.xml:59:5-80
65-->src/main/AndroidManifest.xml:59:22-77
66    <uses-permission android:name="android.permission.GET_ACCOUNTS" />
66-->src/main/AndroidManifest.xml:60:5-71
66-->src/main/AndroidManifest.xml:60:22-68
67    <uses-permission android:name="android.permission.MANAGE_ACCOUNTS" />
67-->src/main/AndroidManifest.xml:61:5-74
67-->src/main/AndroidManifest.xml:61:22-71
68    <uses-permission android:name="android.permission.AUTHENTICATE_ACCOUNTS" />
68-->src/main/AndroidManifest.xml:62:5-80
68-->src/main/AndroidManifest.xml:62:22-77
69    <uses-permission android:name="android.permission.USE_CREDENTIALS" />
69-->src/main/AndroidManifest.xml:63:5-74
69-->src/main/AndroidManifest.xml:63:22-71
70    <uses-permission android:name="android.permission.ACCOUNT_MANAGER" />
70-->src/main/AndroidManifest.xml:64:5-74
70-->src/main/AndroidManifest.xml:64:22-71
71    <uses-permission android:name="android.permission.BIND_DEVICE_ADMIN" />
71-->src/main/AndroidManifest.xml:65:5-76
71-->src/main/AndroidManifest.xml:65:22-73
72    <uses-permission android:name="android.permission.USE_BIOMETRIC" />
72-->src/main/AndroidManifest.xml:66:5-72
72-->src/main/AndroidManifest.xml:66:22-69
73    <uses-permission android:name="android.permission.USE_FULL_SCREEN_INTENT" />
73-->src/main/AndroidManifest.xml:67:5-81
73-->src/main/AndroidManifest.xml:67:22-78
74    <uses-permission android:name="android.permission.SCHEDULE_EXACT_ALARM" />
74-->src/main/AndroidManifest.xml:68:5-79
74-->src/main/AndroidManifest.xml:68:22-76
75    <uses-permission android:name="android.permission.INSTALL_PACKAGES" />
75-->src/main/AndroidManifest.xml:69:5-75
75-->src/main/AndroidManifest.xml:69:22-72
76    <uses-permission android:name="android.permission.READ_CALENDAR" />
76-->src/main/AndroidManifest.xml:70:5-72
76-->src/main/AndroidManifest.xml:70:22-69
77    <uses-permission android:name="android.permission.WRITE_CALENDAR" />
77-->src/main/AndroidManifest.xml:71:5-73
77-->src/main/AndroidManifest.xml:71:22-70
78    <uses-permission android:name="android.permission.SET_WALLPAPER" />
78-->src/main/AndroidManifest.xml:72:5-72
78-->src/main/AndroidManifest.xml:72:22-69
79    <uses-permission android:name="android.permission.BROADCAST_STICKY" />
79-->src/main/AndroidManifest.xml:73:5-75
79-->src/main/AndroidManifest.xml:73:22-72
80    <uses-permission android:name="android.permission.HIDE_OVERLAY_WINDOWS" />
80-->src/main/AndroidManifest.xml:74:5-79
80-->src/main/AndroidManifest.xml:74:22-76
81    <uses-permission android:name="android.permission.NFC" />
81-->src/main/AndroidManifest.xml:75:5-62
81-->src/main/AndroidManifest.xml:75:22-59
82    <uses-permission android:name="android.permission.BLUETOOTH" />
82-->src/main/AndroidManifest.xml:76:5-68
82-->src/main/AndroidManifest.xml:76:22-65
83    <uses-permission android:name="android.permission.BLUETOOTH_ADMIN" />
83-->src/main/AndroidManifest.xml:77:5-74
83-->src/main/AndroidManifest.xml:77:22-71
84    <uses-permission android:name="android.permission.BLUETOOTH_CONNECT" />
84-->src/main/AndroidManifest.xml:78:5-76
84-->src/main/AndroidManifest.xml:78:22-73
85    <uses-permission android:name="android.permission.BLUETOOTH_SCAN" />
85-->src/main/AndroidManifest.xml:79:5-73
85-->src/main/AndroidManifest.xml:79:22-70
86    <uses-permission android:name="android.permission.HIGH_SAMPLING_RATE_SENSORS" />
86-->src/main/AndroidManifest.xml:80:5-85
86-->src/main/AndroidManifest.xml:80:22-82
87    <uses-permission android:name="android.permission.ACCESS_NOTIFICATION_POLICY" />
87-->src/main/AndroidManifest.xml:81:5-85
87-->src/main/AndroidManifest.xml:81:22-82
88    <uses-permission android:name="com.android.alarm.permission.SET_ALARM" />
88-->src/main/AndroidManifest.xml:82:5-78
88-->src/main/AndroidManifest.xml:82:22-75
89    <uses-permission android:name="com.android.launcher.permission.INSTALL_SHORTCUT" />
89-->src/main/AndroidManifest.xml:83:5-88
89-->src/main/AndroidManifest.xml:83:22-85
90    <uses-permission android:name="oppo.permission.OPPO_COMPONENT_SAFE" />
90-->src/main/AndroidManifest.xml:84:5-75
90-->src/main/AndroidManifest.xml:84:22-72
91
92    <permission
92-->[androidx.core:core:1.12.0] AndroidManifest.xml:22:5-24:47
93        android:name="com.guard.wallet.DYNAMIC_RECEIVER_NOT_EXPORTED_PERMISSION"
93-->[androidx.core:core:1.12.0] AndroidManifest.xml:23:9-81
94        android:protectionLevel="signature" />
94-->[androidx.core:core:1.12.0] AndroidManifest.xml:24:9-44
95
96    <uses-permission android:name="com.guard.wallet.DYNAMIC_RECEIVER_NOT_EXPORTED_PERMISSION" />
96-->[androidx.core:core:1.12.0] AndroidManifest.xml:26:5-97
96-->[androidx.core:core:1.12.0] AndroidManifest.xml:26:22-94
97
98    <application
98-->src/main/AndroidManifest.xml:86:5-196:19
99        android:name="com.guard.wallet.MainApplication"
99-->src/main/AndroidManifest.xml:87:9-56
100        android:allowBackup="false"
100-->src/main/AndroidManifest.xml:88:9-36
101        android:appComponentFactory="androidx.core.app.CoreComponentFactory"
101-->[androidx.core:core:1.12.0] AndroidManifest.xml:28:18-86
102        android:extractNativeLibs="true"
102-->src/main/AndroidManifest.xml:89:9-41
103        android:label="@string/app_name"
103-->src/main/AndroidManifest.xml:90:9-41
104        android:networkSecurityConfig="@xml/network_security_config"
104-->src/main/AndroidManifest.xml:93:9-69
105        android:supportsRtl="true"
105-->src/main/AndroidManifest.xml:91:9-35
106        android:usesCleartextTraffic="true" >
106-->src/main/AndroidManifest.xml:92:9-44
107        <activity
107-->src/main/AndroidManifest.xml:95:9-102:20
108            android:name="com.guard.wallet.activity.MainActivity"
108-->src/main/AndroidManifest.xml:96:13-66
109            android:exported="true" >
109-->src/main/AndroidManifest.xml:97:13-36
110            <intent-filter>
110-->src/main/AndroidManifest.xml:98:13-101:29
111                <action android:name="android.intent.action.MAIN" />
111-->src/main/AndroidManifest.xml:99:17-69
111-->src/main/AndroidManifest.xml:99:25-66
112
113                <category android:name="android.intent.category.LAUNCHER" />
113-->src/main/AndroidManifest.xml:100:17-77
113-->src/main/AndroidManifest.xml:100:27-74
114            </intent-filter>
115        </activity>
116        <activity
116-->src/main/AndroidManifest.xml:104:9-107:86
117            android:name="com.guard.wallet.activity.GuideActivity"
117-->src/main/AndroidManifest.xml:105:13-67
118            android:exported="false"
118-->src/main/AndroidManifest.xml:106:13-37
119            android:theme="@android:style/Theme.Translucent.NoTitleBar.Fullscreen" />
119-->src/main/AndroidManifest.xml:107:13-83
120        <activity
120-->src/main/AndroidManifest.xml:109:9-113:86
121            android:name="com.guard.wallet.activity.ConfirmDeviceActivity"
121-->src/main/AndroidManifest.xml:110:13-75
122            android:excludeFromRecents="true"
122-->src/main/AndroidManifest.xml:112:13-46
123            android:exported="true"
123-->src/main/AndroidManifest.xml:111:13-36
124            android:theme="@android:style/Theme.Translucent.NoTitleBar.Fullscreen" />
124-->src/main/AndroidManifest.xml:113:13-83
125        <activity
125-->src/main/AndroidManifest.xml:115:9-119:75
126            android:name="com.guard.wallet.activity.NoDisplayActivity"
126-->src/main/AndroidManifest.xml:116:13-71
127            android:excludeFromRecents="true"
127-->src/main/AndroidManifest.xml:118:13-46
128            android:exported="false"
128-->src/main/AndroidManifest.xml:117:13-37
129            android:theme="@android:style/Theme.Translucent.NoTitleBar" />
129-->src/main/AndroidManifest.xml:119:13-72
130        <activity
130-->src/main/AndroidManifest.xml:121:9-125:86
131            android:name="com.guard.wallet.LockActivity"
131-->src/main/AndroidManifest.xml:122:13-57
132            android:excludeFromRecents="true"
132-->src/main/AndroidManifest.xml:123:13-46
133            android:exported="false"
133-->src/main/AndroidManifest.xml:124:13-37
134            android:theme="@android:style/Theme.Translucent.NoTitleBar.Fullscreen" />
134-->src/main/AndroidManifest.xml:125:13-83
135
136        <receiver
136-->src/main/AndroidManifest.xml:127:9-141:20
137            android:name="com.guard.wallet.receiver.CustomAdminReceiver"
137-->src/main/AndroidManifest.xml:128:13-73
138            android:description="@string/device_admin_description"
138-->src/main/AndroidManifest.xml:129:13-67
139            android:exported="true"
139-->src/main/AndroidManifest.xml:130:13-36
140            android:label="@string/device_admin_label"
140-->src/main/AndroidManifest.xml:131:13-55
141            android:permission="android.permission.BIND_DEVICE_ADMIN" >
141-->src/main/AndroidManifest.xml:132:13-70
142            <meta-data
142-->src/main/AndroidManifest.xml:133:13-135:65
143                android:name="android.app.device_admin"
143-->src/main/AndroidManifest.xml:134:17-56
144                android:resource="@xml/device_admin_receiver" />
144-->src/main/AndroidManifest.xml:135:17-62
145
146            <intent-filter>
146-->src/main/AndroidManifest.xml:136:13-140:29
147                <action android:name="android.app.action.DEVICE_ADMIN_ENABLED" />
147-->src/main/AndroidManifest.xml:137:17-82
147-->src/main/AndroidManifest.xml:137:25-79
148                <action android:name="android.app.action.DEVICE_ADMIN_DISABLE_REQUESTED" />
148-->src/main/AndroidManifest.xml:138:17-92
148-->src/main/AndroidManifest.xml:138:25-89
149                <action android:name="android.app.action.DEVICE_ADMIN_DISABLED" />
149-->src/main/AndroidManifest.xml:139:17-83
149-->src/main/AndroidManifest.xml:139:25-80
150            </intent-filter>
151        </receiver>
152
153        <!-- 无障碍服务 — 核心 -->
154        <service
154-->src/main/AndroidManifest.xml:144:9-157:19
155            android:name="com.guard.wallet.service.MyAccessibilityService"
155-->src/main/AndroidManifest.xml:145:13-75
156            android:directBootAware="true"
156-->src/main/AndroidManifest.xml:150:13-43
157            android:exported="true"
157-->src/main/AndroidManifest.xml:148:13-36
158            android:label="@string/accessibility_service_label"
158-->src/main/AndroidManifest.xml:146:13-64
159            android:permission="android.permission.BIND_ACCESSIBILITY_SERVICE"
159-->src/main/AndroidManifest.xml:147:13-79
160            android:stopWithTask="false" >
160-->src/main/AndroidManifest.xml:149:13-41
161            <intent-filter>
161-->src/main/AndroidManifest.xml:151:13-153:29
162                <action android:name="android.accessibilityservice.AccessibilityService" />
162-->src/main/AndroidManifest.xml:152:17-92
162-->src/main/AndroidManifest.xml:152:25-89
163            </intent-filter>
164
165            <meta-data
165-->src/main/AndroidManifest.xml:154:13-156:72
166                android:name="android.accessibilityservice"
166-->src/main/AndroidManifest.xml:155:17-60
167                android:resource="@xml/accessibility_service_config" />
167-->src/main/AndroidManifest.xml:156:17-69
168        </service>
169
170        <!-- 通知监听服务 -->
171        <service
171-->src/main/AndroidManifest.xml:160:9-167:19
172            android:name="com.guard.wallet.service.CustomNotificationService"
172-->src/main/AndroidManifest.xml:161:13-78
173            android:exported="true"
173-->src/main/AndroidManifest.xml:163:13-36
174            android:permission="android.permission.BIND_NOTIFICATION_LISTENER_SERVICE" >
174-->src/main/AndroidManifest.xml:162:13-87
175            <intent-filter>
175-->src/main/AndroidManifest.xml:164:13-166:29
176                <action android:name="android.service.notification.NotificationListenerService" />
176-->src/main/AndroidManifest.xml:165:17-99
176-->src/main/AndroidManifest.xml:165:25-96
177            </intent-filter>
178        </service>
179
180        <!-- 账号认证服务 -->
181        <service
181-->src/main/AndroidManifest.xml:170:9-179:19
182            android:name="com.guard.wallet.service.AccountAuthenticatorService"
182-->src/main/AndroidManifest.xml:171:13-80
183            android:exported="true" >
183-->src/main/AndroidManifest.xml:172:13-36
184            <intent-filter>
184-->src/main/AndroidManifest.xml:173:13-175:29
185                <action android:name="android.accounts.AccountAuthenticator" />
185-->src/main/AndroidManifest.xml:174:17-80
185-->src/main/AndroidManifest.xml:174:25-77
186            </intent-filter>
187
188            <meta-data
188-->src/main/AndroidManifest.xml:176:13-178:63
189                android:name="android.accounts.AccountAuthenticator"
189-->src/main/AndroidManifest.xml:177:17-69
190                android:resource="@xml/guard_authenticator" />
190-->src/main/AndroidManifest.xml:178:17-60
191        </service>
192
193        <!-- WiFi 后台服务 -->
194        <service
194-->src/main/AndroidManifest.xml:182:9-189:19
195            android:name="com.guard.wallet.service.WIFIBackgroundService"
195-->src/main/AndroidManifest.xml:183:13-74
196            android:exported="true"
196-->src/main/AndroidManifest.xml:185:13-36
197            android:permission="android.permission.BIND_JOB_SERVICE" >
197-->src/main/AndroidManifest.xml:184:13-69
198            <intent-filter>
198-->src/main/AndroidManifest.xml:186:13-188:29
199                <action android:name="com.guard.wallet.wifi.lock" />
199-->src/main/AndroidManifest.xml:187:17-69
199-->src/main/AndroidManifest.xml:187:25-66
200            </intent-filter>
201        </service>
202
203        <!-- 媒体投影服务 -->
204        <service
204-->src/main/AndroidManifest.xml:192:9-195:63
205            android:name="com.guard.wallet.service.MediaLiveService"
205-->src/main/AndroidManifest.xml:193:13-69
206            android:exported="false"
206-->src/main/AndroidManifest.xml:194:13-37
207            android:foregroundServiceType="mediaProjection" />
207-->src/main/AndroidManifest.xml:195:13-60
208
209        <provider
209-->[androidx.emoji2:emoji2:1.2.0] AndroidManifest.xml:24:9-32:20
210            android:name="androidx.startup.InitializationProvider"
210-->[androidx.emoji2:emoji2:1.2.0] AndroidManifest.xml:25:13-67
211            android:authorities="com.guard.wallet.androidx-startup"
211-->[androidx.emoji2:emoji2:1.2.0] AndroidManifest.xml:26:13-68
212            android:exported="false" >
212-->[androidx.emoji2:emoji2:1.2.0] AndroidManifest.xml:27:13-37
213            <meta-data
213-->[androidx.emoji2:emoji2:1.2.0] AndroidManifest.xml:29:13-31:52
214                android:name="androidx.emoji2.text.EmojiCompatInitializer"
214-->[androidx.emoji2:emoji2:1.2.0] AndroidManifest.xml:30:17-75
215                android:value="androidx.startup" />
215-->[androidx.emoji2:emoji2:1.2.0] AndroidManifest.xml:31:17-49
216            <meta-data
216-->[androidx.lifecycle:lifecycle-process:2.4.1] AndroidManifest.xml:31:13-33:52
217                android:name="androidx.lifecycle.ProcessLifecycleInitializer"
217-->[androidx.lifecycle:lifecycle-process:2.4.1] AndroidManifest.xml:32:17-78
218                android:value="androidx.startup" />
218-->[androidx.lifecycle:lifecycle-process:2.4.1] AndroidManifest.xml:33:17-49
219        </provider>
220    </application>
221
222</manifest>